ExeStack:
(VarDeclStmt{name='a', typ=int}; (a = ValueExp{e=(int) value is: 5}; avram.pop.model.statement.WhileStatement@731a74c))
SymTable:
Out:
FileTable:
Heap:

ExeStack:
(a = ValueExp{e=(int) value is: 5}; avram.pop.model.statement.WhileStatement@731a74c)
VarDeclStmt{name='a', typ=int}
SymTable:
Out:
FileTable:
Heap:

ExeStack:
(a = ValueExp{e=(int) value is: 5}; avram.pop.model.statement.WhileStatement@731a74c)
SymTable:
a: (int) value is: 0
Out:
FileTable:
Heap:

ExeStack:
avram.pop.model.statement.WhileStatement@731a74c
a = ValueExp{e=(int) value is: 5}
SymTable:
a: (int) value is: 0
Out:
FileTable:
Heap:

ExeStack:
avram.pop.model.statement.WhileStatement@731a74c
SymTable:
a: (int) value is: 5
Out:
FileTable:
Heap:

ExeStack:
avram.pop.model.statement.WhileStatement@731a74c
a = ArithExp{e1=VarExp{id='a'}, e2=ValueExp{e=(int) value is: 1}, op=2}
print(VarExp{id='a'})
SymTable:
a: (int) value is: 5
Out:
FileTable:
Heap:

ExeStack:
avram.pop.model.statement.WhileStatement@731a74c
a = ArithExp{e1=VarExp{id='a'}, e2=ValueExp{e=(int) value is: 1}, op=2}
SymTable:
a: (int) value is: 5
Out:
(int) value is: 5
FileTable:
Heap:

ExeStack:
avram.pop.model.statement.WhileStatement@731a74c
SymTable:
a: (int) value is: 4
Out:
(int) value is: 5
FileTable:
Heap:

ExeStack:
avram.pop.model.statement.WhileStatement@731a74c
a = ArithExp{e1=VarExp{id='a'}, e2=ValueExp{e=(int) value is: 1}, op=2}
print(VarExp{id='a'})
SymTable:
a: (int) value is: 4
Out:
(int) value is: 5
FileTable:
Heap:

ExeStack:
avram.pop.model.statement.WhileStatement@731a74c
a = ArithExp{e1=VarExp{id='a'}, e2=ValueExp{e=(int) value is: 1}, op=2}
SymTable:
a: (int) value is: 4
Out:
(int) value is: 5
(int) value is: 4
FileTable:
Heap:

ExeStack:
avram.pop.model.statement.WhileStatement@731a74c
SymTable:
a: (int) value is: 3
Out:
(int) value is: 5
(int) value is: 4
FileTable:
Heap:

ExeStack:
avram.pop.model.statement.WhileStatement@731a74c
a = ArithExp{e1=VarExp{id='a'}, e2=ValueExp{e=(int) value is: 1}, op=2}
print(VarExp{id='a'})
SymTable:
a: (int) value is: 3
Out:
(int) value is: 5
(int) value is: 4
FileTable:
Heap:

ExeStack:
avram.pop.model.statement.WhileStatement@731a74c
a = ArithExp{e1=VarExp{id='a'}, e2=ValueExp{e=(int) value is: 1}, op=2}
SymTable:
a: (int) value is: 3
Out:
(int) value is: 5
(int) value is: 4
(int) value is: 3
FileTable:
Heap:

ExeStack:
avram.pop.model.statement.WhileStatement@731a74c
SymTable:
a: (int) value is: 2
Out:
(int) value is: 5
(int) value is: 4
(int) value is: 3
FileTable:
Heap:

ExeStack:
avram.pop.model.statement.WhileStatement@731a74c
a = ArithExp{e1=VarExp{id='a'}, e2=ValueExp{e=(int) value is: 1}, op=2}
print(VarExp{id='a'})
SymTable:
a: (int) value is: 2
Out:
(int) value is: 5
(int) value is: 4
(int) value is: 3
FileTable:
Heap:

ExeStack:
avram.pop.model.statement.WhileStatement@731a74c
a = ArithExp{e1=VarExp{id='a'}, e2=ValueExp{e=(int) value is: 1}, op=2}
SymTable:
a: (int) value is: 2
Out:
(int) value is: 5
(int) value is: 4
(int) value is: 3
(int) value is: 2
FileTable:
Heap:

ExeStack:
avram.pop.model.statement.WhileStatement@731a74c
SymTable:
a: (int) value is: 1
Out:
(int) value is: 5
(int) value is: 4
(int) value is: 3
(int) value is: 2
FileTable:
Heap:

ExeStack:
avram.pop.model.statement.WhileStatement@731a74c
a = ArithExp{e1=VarExp{id='a'}, e2=ValueExp{e=(int) value is: 1}, op=2}
print(VarExp{id='a'})
SymTable:
a: (int) value is: 1
Out:
(int) value is: 5
(int) value is: 4
(int) value is: 3
(int) value is: 2
FileTable:
Heap:

ExeStack:
avram.pop.model.statement.WhileStatement@731a74c
a = ArithExp{e1=VarExp{id='a'}, e2=ValueExp{e=(int) value is: 1}, op=2}
SymTable:
a: (int) value is: 1
Out:
(int) value is: 5
(int) value is: 4
(int) value is: 3
(int) value is: 2
(int) value is: 1
FileTable:
Heap:

ExeStack:
avram.pop.model.statement.WhileStatement@731a74c
SymTable:
a: (int) value is: 0
Out:
(int) value is: 5
(int) value is: 4
(int) value is: 3
(int) value is: 2
(int) value is: 1
FileTable:
Heap:

