ExeStack:
(VarDeclStmt{name='v', typ=Ref(int)}; (new v value ValueExp{e=(int) value is: 20}; (VarDeclStmt{name='a', typ=Ref(Ref(int))}; (new a value VarExp{id='v'}; (print(HeapRead{expr=VarExp{id='v'}}); print(ArithExp{e1=HeapRead{expr=HeapRead{expr=VarExp{id='a'}}}, e2=ValueExp{e=(int) value is: 5}, op=1}))))))
SymTable:
Out:
FileTable:
Heap:

ExeStack:
(new v value ValueExp{e=(int) value is: 20}; (VarDeclStmt{name='a', typ=Ref(Ref(int))}; (new a value VarExp{id='v'}; (print(HeapRead{expr=VarExp{id='v'}}); print(ArithExp{e1=HeapRead{expr=HeapRead{expr=VarExp{id='a'}}}, e2=ValueExp{e=(int) value is: 5}, op=1})))))
VarDeclStmt{name='v', typ=Ref(int)}
SymTable:
Out:
FileTable:
Heap:

ExeStack:
(new v value ValueExp{e=(int) value is: 20}; (VarDeclStmt{name='a', typ=Ref(Ref(int))}; (new a value VarExp{id='v'}; (print(HeapRead{expr=VarExp{id='v'}}); print(ArithExp{e1=HeapRead{expr=HeapRead{expr=VarExp{id='a'}}}, e2=ValueExp{e=(int) value is: 5}, op=1})))))
SymTable:
v: (ref) address is: 0 location type: int
Out:
FileTable:
Heap:

ExeStack:
(VarDeclStmt{name='a', typ=Ref(Ref(int))}; (new a value VarExp{id='v'}; (print(HeapRead{expr=VarExp{id='v'}}); print(ArithExp{e1=HeapRead{expr=HeapRead{expr=VarExp{id='a'}}}, e2=ValueExp{e=(int) value is: 5}, op=1}))))
new v value ValueExp{e=(int) value is: 20}
SymTable:
v: (ref) address is: 0 location type: int
Out:
FileTable:
Heap:

ExeStack:
(VarDeclStmt{name='a', typ=Ref(Ref(int))}; (new a value VarExp{id='v'}; (print(HeapRead{expr=VarExp{id='v'}}); print(ArithExp{e1=HeapRead{expr=HeapRead{expr=VarExp{id='a'}}}, e2=ValueExp{e=(int) value is: 5}, op=1}))))
SymTable:
v: (ref) address is: 1 location type: int
Out:
FileTable:
Heap:
1: (int) value is: 20

ExeStack:
(new a value VarExp{id='v'}; (print(HeapRead{expr=VarExp{id='v'}}); print(ArithExp{e1=HeapRead{expr=HeapRead{expr=VarExp{id='a'}}}, e2=ValueExp{e=(int) value is: 5}, op=1})))
VarDeclStmt{name='a', typ=Ref(Ref(int))}
SymTable:
v: (ref) address is: 1 location type: int
Out:
FileTable:
Heap:
1: (int) value is: 20

ExeStack:
(new a value VarExp{id='v'}; (print(HeapRead{expr=VarExp{id='v'}}); print(ArithExp{e1=HeapRead{expr=HeapRead{expr=VarExp{id='a'}}}, e2=ValueExp{e=(int) value is: 5}, op=1})))
SymTable:
a: (ref) address is: 0 location type: Ref(int)
v: (ref) address is: 1 location type: int
Out:
FileTable:
Heap:
1: (int) value is: 20

ExeStack:
(print(HeapRead{expr=VarExp{id='v'}}); print(ArithExp{e1=HeapRead{expr=HeapRead{expr=VarExp{id='a'}}}, e2=ValueExp{e=(int) value is: 5}, op=1}))
new a value VarExp{id='v'}
SymTable:
a: (ref) address is: 0 location type: Ref(int)
v: (ref) address is: 1 location type: int
Out:
FileTable:
Heap:
1: (int) value is: 20

ExeStack:
(print(HeapRead{expr=VarExp{id='v'}}); print(ArithExp{e1=HeapRead{expr=HeapRead{expr=VarExp{id='a'}}}, e2=ValueExp{e=(int) value is: 5}, op=1}))
SymTable:
a: (ref) address is: 2 location type: Ref(int)
v: (ref) address is: 1 location type: int
Out:
FileTable:
Heap:
1: (int) value is: 20
2: (ref) address is: 1 location type: int

ExeStack:
print(ArithExp{e1=HeapRead{expr=HeapRead{expr=VarExp{id='a'}}}, e2=ValueExp{e=(int) value is: 5}, op=1})
print(HeapRead{expr=VarExp{id='v'}})
SymTable:
a: (ref) address is: 2 location type: Ref(int)
v: (ref) address is: 1 location type: int
Out:
FileTable:
Heap:
1: (int) value is: 20
2: (ref) address is: 1 location type: int

ExeStack:
print(ArithExp{e1=HeapRead{expr=HeapRead{expr=VarExp{id='a'}}}, e2=ValueExp{e=(int) value is: 5}, op=1})
SymTable:
a: (ref) address is: 2 location type: Ref(int)
v: (ref) address is: 1 location type: int
Out:
(int) value is: 20
FileTable:
Heap:
1: (int) value is: 20
2: (ref) address is: 1 location type: int

ExeStack:
SymTable:
a: (ref) address is: 2 location type: Ref(int)
v: (ref) address is: 1 location type: int
Out:
(int) value is: 20
(int) value is: 25
FileTable:
Heap:
1: (int) value is: 20
2: (ref) address is: 1 location type: int

