id = 1
ExeStack:
(v = ValueExp{e=(int) value is: 2}; print(VarExp{id='v'}))
VarDeclStmt{name='v', typ=int}
SymTable:
Out:
FileTable:
Heap:

id = 1
ExeStack:
(v = ValueExp{e=(int) value is: 2}; print(VarExp{id='v'}))
SymTable:
v: (int) value is: 0
Out:
FileTable:
Heap:

id = 1
ExeStack:
print(VarExp{id='v'})
v = ValueExp{e=(int) value is: 2}
SymTable:
v: (int) value is: 0
Out:
FileTable:
Heap:

id = 1
ExeStack:
print(VarExp{id='v'})
SymTable:
v: (int) value is: 2
Out:
FileTable:
Heap:

id = 1
ExeStack:
SymTable:
v: (int) value is: 2
Out:
(int) value is: 2
FileTable:
Heap:

