id = 1
ExeStack:
(a = ValueExp{e=(int) value is: 5}; WhileStatement{condition=RelationalExpression{e1=VarExp{id='a'}, e2=ValueExp{e=(int) value is: 0}, op=5}, statement=(print(VarExp{id='a'}); a = ArithExp{e1=VarExp{id='a'}, e2=ValueExp{e=(int) value is: 1}, op=2})})
VarDeclStmt{name='a', typ=int}
SymTable:
Out:
FileTable:
Heap:

id = 1
ExeStack:
(a = ValueExp{e=(int) value is: 5}; WhileStatement{condition=RelationalExpression{e1=VarExp{id='a'}, e2=ValueExp{e=(int) value is: 0}, op=5}, statement=(print(VarExp{id='a'}); a = ArithExp{e1=VarExp{id='a'}, e2=ValueExp{e=(int) value is: 1}, op=2})})
SymTable:
a: (int) value is: 0
Out:
FileTable:
Heap:

id = 1
ExeStack:
WhileStatement{condition=RelationalExpression{e1=VarExp{id='a'}, e2=ValueExp{e=(int) value is: 0}, op=5}, statement=(print(VarExp{id='a'}); a = ArithExp{e1=VarExp{id='a'}, e2=ValueExp{e=(int) value is: 1}, op=2})}
a = ValueExp{e=(int) value is: 5}
SymTable:
a: (int) value is: 0
Out:
FileTable:
Heap:

id = 1
ExeStack:
WhileStatement{condition=RelationalExpression{e1=VarExp{id='a'}, e2=ValueExp{e=(int) value is: 0}, op=5}, statement=(print(VarExp{id='a'}); a = ArithExp{e1=VarExp{id='a'}, e2=ValueExp{e=(int) value is: 1}, op=2})}
SymTable:
a: (int) value is: 5
Out:
FileTable:
Heap:

id = 1
ExeStack:
WhileStatement{condition=RelationalExpression{e1=VarExp{id='a'}, e2=ValueExp{e=(int) value is: 0}, op=5}, statement=(print(VarExp{id='a'}); a = ArithExp{e1=VarExp{id='a'}, e2=ValueExp{e=(int) value is: 1}, op=2})}
a = ArithExp{e1=VarExp{id='a'}, e2=ValueExp{e=(int) value is: 1}, op=2}
print(VarExp{id='a'})
SymTable:
a: (int) value is: 5
Out:
FileTable:
Heap:

id = 1
ExeStack:
WhileStatement{condition=RelationalExpression{e1=VarExp{id='a'}, e2=ValueExp{e=(int) value is: 0}, op=5}, statement=(print(VarExp{id='a'}); a = ArithExp{e1=VarExp{id='a'}, e2=ValueExp{e=(int) value is: 1}, op=2})}
a = ArithExp{e1=VarExp{id='a'}, e2=ValueExp{e=(int) value is: 1}, op=2}
SymTable:
a: (int) value is: 5
Out:
(int) value is: 5
FileTable:
Heap:

id = 1
ExeStack:
WhileStatement{condition=RelationalExpression{e1=VarExp{id='a'}, e2=ValueExp{e=(int) value is: 0}, op=5}, statement=(print(VarExp{id='a'}); a = ArithExp{e1=VarExp{id='a'}, e2=ValueExp{e=(int) value is: 1}, op=2})}
SymTable:
a: (int) value is: 4
Out:
(int) value is: 5
FileTable:
Heap:

id = 1
ExeStack:
WhileStatement{condition=RelationalExpression{e1=VarExp{id='a'}, e2=ValueExp{e=(int) value is: 0}, op=5}, statement=(print(VarExp{id='a'}); a = ArithExp{e1=VarExp{id='a'}, e2=ValueExp{e=(int) value is: 1}, op=2})}
a = ArithExp{e1=VarExp{id='a'}, e2=ValueExp{e=(int) value is: 1}, op=2}
print(VarExp{id='a'})
SymTable:
a: (int) value is: 4
Out:
(int) value is: 5
FileTable:
Heap:

id = 1
ExeStack:
WhileStatement{condition=RelationalExpression{e1=VarExp{id='a'}, e2=ValueExp{e=(int) value is: 0}, op=5}, statement=(print(VarExp{id='a'}); a = ArithExp{e1=VarExp{id='a'}, e2=ValueExp{e=(int) value is: 1}, op=2})}
a = ArithExp{e1=VarExp{id='a'}, e2=ValueExp{e=(int) value is: 1}, op=2}
SymTable:
a: (int) value is: 4
Out:
(int) value is: 5
(int) value is: 4
FileTable:
Heap:

id = 1
ExeStack:
WhileStatement{condition=RelationalExpression{e1=VarExp{id='a'}, e2=ValueExp{e=(int) value is: 0}, op=5}, statement=(print(VarExp{id='a'}); a = ArithExp{e1=VarExp{id='a'}, e2=ValueExp{e=(int) value is: 1}, op=2})}
SymTable:
a: (int) value is: 3
Out:
(int) value is: 5
(int) value is: 4
FileTable:
Heap:

id = 1
ExeStack:
WhileStatement{condition=RelationalExpression{e1=VarExp{id='a'}, e2=ValueExp{e=(int) value is: 0}, op=5}, statement=(print(VarExp{id='a'}); a = ArithExp{e1=VarExp{id='a'}, e2=ValueExp{e=(int) value is: 1}, op=2})}
a = ArithExp{e1=VarExp{id='a'}, e2=ValueExp{e=(int) value is: 1}, op=2}
print(VarExp{id='a'})
SymTable:
a: (int) value is: 3
Out:
(int) value is: 5
(int) value is: 4
FileTable:
Heap:

id = 1
ExeStack:
WhileStatement{condition=RelationalExpression{e1=VarExp{id='a'}, e2=ValueExp{e=(int) value is: 0}, op=5}, statement=(print(VarExp{id='a'}); a = ArithExp{e1=VarExp{id='a'}, e2=ValueExp{e=(int) value is: 1}, op=2})}
a = ArithExp{e1=VarExp{id='a'}, e2=ValueExp{e=(int) value is: 1}, op=2}
SymTable:
a: (int) value is: 3
Out:
(int) value is: 5
(int) value is: 4
(int) value is: 3
FileTable:
Heap:

id = 1
ExeStack:
WhileStatement{condition=RelationalExpression{e1=VarExp{id='a'}, e2=ValueExp{e=(int) value is: 0}, op=5}, statement=(print(VarExp{id='a'}); a = ArithExp{e1=VarExp{id='a'}, e2=ValueExp{e=(int) value is: 1}, op=2})}
SymTable:
a: (int) value is: 2
Out:
(int) value is: 5
(int) value is: 4
(int) value is: 3
FileTable:
Heap:

id = 1
ExeStack:
WhileStatement{condition=RelationalExpression{e1=VarExp{id='a'}, e2=ValueExp{e=(int) value is: 0}, op=5}, statement=(print(VarExp{id='a'}); a = ArithExp{e1=VarExp{id='a'}, e2=ValueExp{e=(int) value is: 1}, op=2})}
a = ArithExp{e1=VarExp{id='a'}, e2=ValueExp{e=(int) value is: 1}, op=2}
print(VarExp{id='a'})
SymTable:
a: (int) value is: 2
Out:
(int) value is: 5
(int) value is: 4
(int) value is: 3
FileTable:
Heap:

id = 1
ExeStack:
WhileStatement{condition=RelationalExpression{e1=VarExp{id='a'}, e2=ValueExp{e=(int) value is: 0}, op=5}, statement=(print(VarExp{id='a'}); a = ArithExp{e1=VarExp{id='a'}, e2=ValueExp{e=(int) value is: 1}, op=2})}
a = ArithExp{e1=VarExp{id='a'}, e2=ValueExp{e=(int) value is: 1}, op=2}
SymTable:
a: (int) value is: 2
Out:
(int) value is: 5
(int) value is: 4
(int) value is: 3
(int) value is: 2
FileTable:
Heap:

id = 1
ExeStack:
WhileStatement{condition=RelationalExpression{e1=VarExp{id='a'}, e2=ValueExp{e=(int) value is: 0}, op=5}, statement=(print(VarExp{id='a'}); a = ArithExp{e1=VarExp{id='a'}, e2=ValueExp{e=(int) value is: 1}, op=2})}
SymTable:
a: (int) value is: 1
Out:
(int) value is: 5
(int) value is: 4
(int) value is: 3
(int) value is: 2
FileTable:
Heap:

id = 1
ExeStack:
WhileStatement{condition=RelationalExpression{e1=VarExp{id='a'}, e2=ValueExp{e=(int) value is: 0}, op=5}, statement=(print(VarExp{id='a'}); a = ArithExp{e1=VarExp{id='a'}, e2=ValueExp{e=(int) value is: 1}, op=2})}
a = ArithExp{e1=VarExp{id='a'}, e2=ValueExp{e=(int) value is: 1}, op=2}
print(VarExp{id='a'})
SymTable:
a: (int) value is: 1
Out:
(int) value is: 5
(int) value is: 4
(int) value is: 3
(int) value is: 2
FileTable:
Heap:

id = 1
ExeStack:
WhileStatement{condition=RelationalExpression{e1=VarExp{id='a'}, e2=ValueExp{e=(int) value is: 0}, op=5}, statement=(print(VarExp{id='a'}); a = ArithExp{e1=VarExp{id='a'}, e2=ValueExp{e=(int) value is: 1}, op=2})}
a = ArithExp{e1=VarExp{id='a'}, e2=ValueExp{e=(int) value is: 1}, op=2}
SymTable:
a: (int) value is: 1
Out:
(int) value is: 5
(int) value is: 4
(int) value is: 3
(int) value is: 2
(int) value is: 1
FileTable:
Heap:

id = 1
ExeStack:
WhileStatement{condition=RelationalExpression{e1=VarExp{id='a'}, e2=ValueExp{e=(int) value is: 0}, op=5}, statement=(print(VarExp{id='a'}); a = ArithExp{e1=VarExp{id='a'}, e2=ValueExp{e=(int) value is: 1}, op=2})}
SymTable:
a: (int) value is: 0
Out:
(int) value is: 5
(int) value is: 4
(int) value is: 3
(int) value is: 2
(int) value is: 1
FileTable:
Heap:

id = 1
ExeStack:
SymTable:
a: (int) value is: 0
Out:
(int) value is: 5
(int) value is: 4
(int) value is: 3
(int) value is: 2
(int) value is: 1
FileTable:
Heap:

