id = 1
ExeStack:
(varf = ValueExp{e=(string) value is: /home/dani/Desktop/code/faculta/an2/sem1/map/ToyLanguageInterpreter/logs/test.in}; (OpenRFileStmt{exp=VarExp{id='varf'}}; (VarDeclStmt{name='varc', typ=int}; (ReadFileStmt{exp=VarExp{id='varf'}, varName='varc'}; (print(VarExp{id='varc'}); (ReadFileStmt{exp=VarExp{id='varf'}, varName='varc'}; (print(VarExp{id='varc'}); CloseRFileStmt{exp=VarExp{id='varf'}})))))))
VarDeclStmt{name='varf', typ=string}
SymTable:
Out:
FileTable:
Heap:

id = 1
ExeStack:
(varf = ValueExp{e=(string) value is: /home/dani/Desktop/code/faculta/an2/sem1/map/ToyLanguageInterpreter/logs/test.in}; (OpenRFileStmt{exp=VarExp{id='varf'}}; (VarDeclStmt{name='varc', typ=int}; (ReadFileStmt{exp=VarExp{id='varf'}, varName='varc'}; (print(VarExp{id='varc'}); (ReadFileStmt{exp=VarExp{id='varf'}, varName='varc'}; (print(VarExp{id='varc'}); CloseRFileStmt{exp=VarExp{id='varf'}})))))))
SymTable:
varf: (string) value is: 
Out:
FileTable:
Heap:

id = 1
ExeStack:
(OpenRFileStmt{exp=VarExp{id='varf'}}; (VarDeclStmt{name='varc', typ=int}; (ReadFileStmt{exp=VarExp{id='varf'}, varName='varc'}; (print(VarExp{id='varc'}); (ReadFileStmt{exp=VarExp{id='varf'}, varName='varc'}; (print(VarExp{id='varc'}); CloseRFileStmt{exp=VarExp{id='varf'}}))))))
varf = ValueExp{e=(string) value is: /home/dani/Desktop/code/faculta/an2/sem1/map/ToyLanguageInterpreter/logs/test.in}
SymTable:
varf: (string) value is: 
Out:
FileTable:
Heap:

id = 1
ExeStack:
(OpenRFileStmt{exp=VarExp{id='varf'}}; (VarDeclStmt{name='varc', typ=int}; (ReadFileStmt{exp=VarExp{id='varf'}, varName='varc'}; (print(VarExp{id='varc'}); (ReadFileStmt{exp=VarExp{id='varf'}, varName='varc'}; (print(VarExp{id='varc'}); CloseRFileStmt{exp=VarExp{id='varf'}}))))))
SymTable:
varf: (string) value is: /home/dani/Desktop/code/faculta/an2/sem1/map/ToyLanguageInterpreter/logs/test.in
Out:
FileTable:
Heap:

id = 1
ExeStack:
(VarDeclStmt{name='varc', typ=int}; (ReadFileStmt{exp=VarExp{id='varf'}, varName='varc'}; (print(VarExp{id='varc'}); (ReadFileStmt{exp=VarExp{id='varf'}, varName='varc'}; (print(VarExp{id='varc'}); CloseRFileStmt{exp=VarExp{id='varf'}})))))
OpenRFileStmt{exp=VarExp{id='varf'}}
SymTable:
varf: (string) value is: /home/dani/Desktop/code/faculta/an2/sem1/map/ToyLanguageInterpreter/logs/test.in
Out:
FileTable:
Heap:

id = 1
ExeStack:
(VarDeclStmt{name='varc', typ=int}; (ReadFileStmt{exp=VarExp{id='varf'}, varName='varc'}; (print(VarExp{id='varc'}); (ReadFileStmt{exp=VarExp{id='varf'}, varName='varc'}; (print(VarExp{id='varc'}); CloseRFileStmt{exp=VarExp{id='varf'}})))))
SymTable:
varf: (string) value is: /home/dani/Desktop/code/faculta/an2/sem1/map/ToyLanguageInterpreter/logs/test.in
Out:
FileTable:
(string) value is: /home/dani/Desktop/code/faculta/an2/sem1/map/ToyLanguageInterpreter/logs/test.in: java.io.BufferedReader@5310e93c
Heap:

id = 1
ExeStack:
(ReadFileStmt{exp=VarExp{id='varf'}, varName='varc'}; (print(VarExp{id='varc'}); (ReadFileStmt{exp=VarExp{id='varf'}, varName='varc'}; (print(VarExp{id='varc'}); CloseRFileStmt{exp=VarExp{id='varf'}}))))
VarDeclStmt{name='varc', typ=int}
SymTable:
varf: (string) value is: /home/dani/Desktop/code/faculta/an2/sem1/map/ToyLanguageInterpreter/logs/test.in
Out:
FileTable:
(string) value is: /home/dani/Desktop/code/faculta/an2/sem1/map/ToyLanguageInterpreter/logs/test.in: java.io.BufferedReader@5310e93c
Heap:

id = 1
ExeStack:
(ReadFileStmt{exp=VarExp{id='varf'}, varName='varc'}; (print(VarExp{id='varc'}); (ReadFileStmt{exp=VarExp{id='varf'}, varName='varc'}; (print(VarExp{id='varc'}); CloseRFileStmt{exp=VarExp{id='varf'}}))))
SymTable:
varf: (string) value is: /home/dani/Desktop/code/faculta/an2/sem1/map/ToyLanguageInterpreter/logs/test.in
varc: (int) value is: 0
Out:
FileTable:
(string) value is: /home/dani/Desktop/code/faculta/an2/sem1/map/ToyLanguageInterpreter/logs/test.in: java.io.BufferedReader@5310e93c
Heap:

id = 1
ExeStack:
(print(VarExp{id='varc'}); (ReadFileStmt{exp=VarExp{id='varf'}, varName='varc'}; (print(VarExp{id='varc'}); CloseRFileStmt{exp=VarExp{id='varf'}})))
ReadFileStmt{exp=VarExp{id='varf'}, varName='varc'}
SymTable:
varf: (string) value is: /home/dani/Desktop/code/faculta/an2/sem1/map/ToyLanguageInterpreter/logs/test.in
varc: (int) value is: 0
Out:
FileTable:
(string) value is: /home/dani/Desktop/code/faculta/an2/sem1/map/ToyLanguageInterpreter/logs/test.in: java.io.BufferedReader@5310e93c
Heap:

id = 1
ExeStack:
(print(VarExp{id='varc'}); (ReadFileStmt{exp=VarExp{id='varf'}, varName='varc'}; (print(VarExp{id='varc'}); CloseRFileStmt{exp=VarExp{id='varf'}})))
SymTable:
varf: (string) value is: /home/dani/Desktop/code/faculta/an2/sem1/map/ToyLanguageInterpreter/logs/test.in
varc: (int) value is: 3
Out:
FileTable:
(string) value is: /home/dani/Desktop/code/faculta/an2/sem1/map/ToyLanguageInterpreter/logs/test.in: java.io.BufferedReader@5310e93c
Heap:

id = 1
ExeStack:
(ReadFileStmt{exp=VarExp{id='varf'}, varName='varc'}; (print(VarExp{id='varc'}); CloseRFileStmt{exp=VarExp{id='varf'}}))
print(VarExp{id='varc'})
SymTable:
varf: (string) value is: /home/dani/Desktop/code/faculta/an2/sem1/map/ToyLanguageInterpreter/logs/test.in
varc: (int) value is: 3
Out:
FileTable:
(string) value is: /home/dani/Desktop/code/faculta/an2/sem1/map/ToyLanguageInterpreter/logs/test.in: java.io.BufferedReader@5310e93c
Heap:

id = 1
ExeStack:
(ReadFileStmt{exp=VarExp{id='varf'}, varName='varc'}; (print(VarExp{id='varc'}); CloseRFileStmt{exp=VarExp{id='varf'}}))
SymTable:
varf: (string) value is: /home/dani/Desktop/code/faculta/an2/sem1/map/ToyLanguageInterpreter/logs/test.in
varc: (int) value is: 3
Out:
(int) value is: 3
FileTable:
(string) value is: /home/dani/Desktop/code/faculta/an2/sem1/map/ToyLanguageInterpreter/logs/test.in: java.io.BufferedReader@5310e93c
Heap:

id = 1
ExeStack:
(print(VarExp{id='varc'}); CloseRFileStmt{exp=VarExp{id='varf'}})
ReadFileStmt{exp=VarExp{id='varf'}, varName='varc'}
SymTable:
varf: (string) value is: /home/dani/Desktop/code/faculta/an2/sem1/map/ToyLanguageInterpreter/logs/test.in
varc: (int) value is: 3
Out:
(int) value is: 3
FileTable:
(string) value is: /home/dani/Desktop/code/faculta/an2/sem1/map/ToyLanguageInterpreter/logs/test.in: java.io.BufferedReader@5310e93c
Heap:

id = 1
ExeStack:
(print(VarExp{id='varc'}); CloseRFileStmt{exp=VarExp{id='varf'}})
SymTable:
varf: (string) value is: /home/dani/Desktop/code/faculta/an2/sem1/map/ToyLanguageInterpreter/logs/test.in
varc: (int) value is: 14
Out:
(int) value is: 3
FileTable:
(string) value is: /home/dani/Desktop/code/faculta/an2/sem1/map/ToyLanguageInterpreter/logs/test.in: java.io.BufferedReader@5310e93c
Heap:

id = 1
ExeStack:
CloseRFileStmt{exp=VarExp{id='varf'}}
print(VarExp{id='varc'})
SymTable:
varf: (string) value is: /home/dani/Desktop/code/faculta/an2/sem1/map/ToyLanguageInterpreter/logs/test.in
varc: (int) value is: 14
Out:
(int) value is: 3
FileTable:
(string) value is: /home/dani/Desktop/code/faculta/an2/sem1/map/ToyLanguageInterpreter/logs/test.in: java.io.BufferedReader@5310e93c
Heap:

id = 1
ExeStack:
CloseRFileStmt{exp=VarExp{id='varf'}}
SymTable:
varf: (string) value is: /home/dani/Desktop/code/faculta/an2/sem1/map/ToyLanguageInterpreter/logs/test.in
varc: (int) value is: 14
Out:
(int) value is: 3
(int) value is: 14
FileTable:
(string) value is: /home/dani/Desktop/code/faculta/an2/sem1/map/ToyLanguageInterpreter/logs/test.in: java.io.BufferedReader@5310e93c
Heap:

id = 1
ExeStack:
SymTable:
varf: (string) value is: /home/dani/Desktop/code/faculta/an2/sem1/map/ToyLanguageInterpreter/logs/test.in
varc: (int) value is: 14
Out:
(int) value is: 3
(int) value is: 14
FileTable:
Heap:

